# Project log file, saved on 11:47:54 PM IST ; May 14, 2025
> Ready.
1> OpenProjectDialog: Trying to open project: P1_B1_P2.apj in D:\cooling_circuit_project\acri_geo\flow_trails\P1_B1_P2
2> Opening project P1_B1_P2 in D:\cooling_circuit_project\acri_geo\flow_trails\P1_B1_P2\ ...
3> New region or allocated detected
4> New region or allocated detected
5> New region or allocated detected
6> New region or allocated detected
7> New region or allocated detected
8> New region or allocated detected
9> New region or allocated detected
10> New region or allocated detected
11> New region or allocated detected
12> New region or allocated detected
13> New region or allocated detected
14> New region or allocated detected
15> New region or allocated detected
16> New region or allocated detected
17> New region or allocated detected
18> Ready .
19> Saving Project P1_B1_P2 ...
20> Project: P1_B1_P2 geometry props saved.
21> Project P1_B1_P2 saved.
22> Preparing for Run...
